<?xml version="1.0" encoding="UTF-8"?>
<!-- Generated by org.testng.reporters.JUnitReportReporter -->
<testsuite hostname="DESKTOP-FV0KD14" failures="0" tests="2" name="testCases.TestCases" time="74.537" errors="0" timestamp="2023-08-28T16:50:26 IST" skipped="0">
  <testcase classname="testCases.TestCases" name="loginTest" time="13.972"/>
  <system-out/>
  <testcase classname="testCases.TestCases" name="testFilpkart" time="60.565"/>
  <system-out/>
</testsuite> <!-- testCases.TestCases -->
