<?xml version="1.0" encoding="UTF-8"?>
<!-- Generated by org.testng.reporters.JUnitReportReporter -->
<testsuite hostname="DESKTOP-FV0KD14" failures="0" tests="13" name="testCases.TestCases" time="287.607" errors="0" timestamp="2023-09-01T01:46:07 IST" skipped="0">
  <testcase classname="testCases.TestCases" name="dealerLocator" time="22.427"/>
  <system-out/>
  <testcase classname="testCases.TestCases" name="dealerLocator" time="21.825"/>
  <system-out/>
  <testcase classname="testCases.TestCases" name="dealerLocator" time="21.884"/>
  <system-out/>
  <testcase classname="testCases.TestCases" name="dealerLocator" time="23.844"/>
  <system-out/>
  <testcase classname="testCases.TestCases" name="dealerLocator" time="22.489"/>
  <system-out/>
  <testcase classname="testCases.TestCases" name="dealerLocator" time="21.780"/>
  <system-out/>
  <testcase classname="testCases.TestCases" name="dealerLocator" time="22.038"/>
  <system-out/>
  <testcase classname="testCases.TestCases" name="dealerLocator" time="20.438"/>
  <system-out/>
  <testcase classname="testCases.TestCases" name="dealerLocator" time="22.465"/>
  <system-out/>
  <testcase classname="testCases.TestCases" name="dealerLocator" time="22.592"/>
  <system-out/>
  <testcase classname="testCases.TestCases" name="dealerLocator" time="20.889"/>
  <system-out/>
  <testcase classname="testCases.TestCases" name="dealerLocator" time="23.097"/>
  <system-out/>
  <testcase classname="testCases.TestCases" name="dealerLocator" time="21.839"/>
  <system-out/>
</testsuite> <!-- testCases.TestCases -->
