<?xml version="1.0" encoding="UTF-8"?>
<!-- Generated by org.testng.reporters.JUnitReportReporter -->
<testsuite hostname="DESKTOP-FV0KD14" failures="0" tests="30" name="testCases.TestCases" time="1543.963" errors="0" timestamp="2023-09-04T18:35:28 IST" skipped="0">
  <testcase classname="testCases.TestCases" name="myDairy" time="49.224"/>
  <system-out/>
  <testcase classname="testCases.TestCases" name="myDairy" time="50.630"/>
  <system-out/>
  <testcase classname="testCases.TestCases" name="myDairy" time="50.479"/>
  <system-out/>
  <testcase classname="testCases.TestCases" name="myDairy" time="52.413"/>
  <system-out/>
  <testcase classname="testCases.TestCases" name="myDairy" time="48.882"/>
  <system-out/>
  <testcase classname="testCases.TestCases" name="myDairy" time="64.160"/>
  <system-out/>
  <testcase classname="testCases.TestCases" name="myDairy" time="50.433"/>
  <system-out/>
  <testcase classname="testCases.TestCases" name="myDairy" time="51.167"/>
  <system-out/>
  <testcase classname="testCases.TestCases" name="myDairy" time="52.108"/>
  <system-out/>
  <testcase classname="testCases.TestCases" name="myDairy" time="52.232"/>
  <system-out/>
  <testcase classname="testCases.TestCases" name="myDairy" time="50.212"/>
  <system-out/>
  <testcase classname="testCases.TestCases" name="myDairy" time="52.192"/>
  <system-out/>
  <testcase classname="testCases.TestCases" name="myDairy" time="48.537"/>
  <system-out/>
  <testcase classname="testCases.TestCases" name="myDairy" time="49.831"/>
  <system-out/>
  <testcase classname="testCases.TestCases" name="myDairy" time="50.678"/>
  <system-out/>
  <testcase classname="testCases.TestCases" name="myDairy" time="51.427"/>
  <system-out/>
  <testcase classname="testCases.TestCases" name="myDairy" time="48.321"/>
  <system-out/>
  <testcase classname="testCases.TestCases" name="myDairy" time="50.084"/>
  <system-out/>
  <testcase classname="testCases.TestCases" name="myDairy" time="51.557"/>
  <system-out/>
  <testcase classname="testCases.TestCases" name="myDairy" time="51.702"/>
  <system-out/>
  <testcase classname="testCases.TestCases" name="myDairy" time="62.455"/>
  <system-out/>
  <testcase classname="testCases.TestCases" name="myDairy" time="52.606"/>
  <system-out/>
  <testcase classname="testCases.TestCases" name="myDairy" time="50.896"/>
  <system-out/>
  <testcase classname="testCases.TestCases" name="myDairy" time="51.855"/>
  <system-out/>
  <testcase classname="testCases.TestCases" name="myDairy" time="49.922"/>
  <system-out/>
  <testcase classname="testCases.TestCases" name="myDairy" time="49.134"/>
  <system-out/>
  <testcase classname="testCases.TestCases" name="myDairy" time="51.806"/>
  <system-out/>
  <testcase classname="testCases.TestCases" name="myDairy" time="49.929"/>
  <system-out/>
  <testcase classname="testCases.TestCases" name="myDairy" time="49.882"/>
  <system-out/>
  <testcase classname="testCases.TestCases" name="myDairy" time="49.209"/>
  <system-out/>
</testsuite> <!-- testCases.TestCases -->
