<?xml version="1.0" encoding="UTF-8"?>
<!-- Generated by org.testng.reporters.JUnitReportReporter -->
<testsuite hostname="DESKTOP-FV0KD14" failures="0" tests="2" name="testCases.TestCases" time="49.337" errors="0" timestamp="2023-09-01T01:22:51 IST" skipped="0">
  <testcase classname="testCases.TestCases" name="MTP" time="24.925"/>
  <system-out/>
  <testcase classname="testCases.TestCases" name="dealerLocator" time="24.412"/>
  <system-out/>
</testsuite> <!-- testCases.TestCases -->
