<?xml version="1.0" encoding="UTF-8"?>
<!-- Generated by org.testng.reporters.JUnitReportReporter -->
<testsuite hostname="DESKTOP-FV0KD14" failures="0" tests="1" name="testCases.TestCases" time="15.138" errors="0" timestamp="2023-08-24T11:06:28 IST" skipped="0">
  <testcase classname="testCases.TestCases" name="loginTest" time="15.138"/>
  <system-out/>
</testsuite> <!-- testCases.TestCases -->
